{"C:\\Users\\DoSoD\\Desktop\\cf-9-backend\\src\\controller\\user.controller.ts": {"path":"C:\\Users\\DoSoD\\Desktop\\cf-9-backend\\src\\controller\\user.controller.ts","statementMap":{"0":{"start":{"line":2,"column":0},"end":{"line":2,"column":56}},"1":{"start":{"line":5,"column":22},"end":{"line":12,"column":1}},"2":{"start":{"line":6,"column":2},"end":{"line":11,"column":3}},"3":{"start":{"line":7,"column":19},"end":{"line":7,"column":48}},"4":{"start":{"line":8,"column":4},"end":{"line":8,"column":33}},"5":{"start":{"line":10,"column":4},"end":{"line":10,"column":null}},"6":{"start":{"line":5,"column":13},"end":{"line":5,"column":22}},"7":{"start":{"line":14,"column":29},"end":{"line":32,"column":1}},"8":{"start":{"line":15,"column":2},"end":{"line":31,"column":3}},"9":{"start":{"line":17,"column":23},"end":{"line":17,"column":39}},"10":{"start":{"line":19,"column":4},"end":{"line":21,"column":5}},"11":{"start":{"line":20,"column":8},"end":{"line":20,"column":76}},"12":{"start":{"line":23,"column":25},"end":{"line":23,"column":35}},"13":{"start":{"line":25,"column":19},"end":{"line":25,"column":59}},"14":{"start":{"line":26,"column":4},"end":{"line":27,"column":72}},"15":{"start":{"line":27,"column":6},"end":{"line":27,"column":72}},"16":{"start":{"line":28,"column":4},"end":{"line":28,"column":33}},"17":{"start":{"line":30,"column":4},"end":{"line":30,"column":null}},"18":{"start":{"line":14,"column":13},"end":{"line":14,"column":29}},"19":{"start":{"line":34,"column":22},"end":{"line":42,"column":1}},"20":{"start":{"line":35,"column":2},"end":{"line":41,"column":3}},"21":{"start":{"line":36,"column":17},"end":{"line":36,"column":55}},"22":{"start":{"line":37,"column":4},"end":{"line":37,"column":51}},"23":{"start":{"line":39,"column":4},"end":{"line":39,"column":21}},"24":{"start":{"line":40,"column":4},"end":{"line":40,"column":null}},"25":{"start":{"line":34,"column":13},"end":{"line":34,"column":22}},"26":{"start":{"line":44,"column":22},"end":{"line":65,"column":1}},"27":{"start":{"line":45,"column":2},"end":{"line":63,"column":3}},"28":{"start":{"line":48,"column":26},"end":{"line":48,"column":45}},"29":{"start":{"line":50,"column":4},"end":{"line":52,"column":5}},"30":{"start":{"line":51,"column":6},"end":{"line":51,"column":77}},"31":{"start":{"line":54,"column":29},"end":{"line":54,"column":42}},"32":{"start":{"line":56,"column":32},"end":{"line":56,"column":40}},"33":{"start":{"line":57,"column":19},"end":{"line":57,"column":63}},"34":{"start":{"line":58,"column":4},"end":{"line":59,"column":null}},"35":{"start":{"line":59,"column":6},"end":{"line":59,"column":null}},"36":{"start":{"line":60,"column":4},"end":{"line":60,"column":33}},"37":{"start":{"line":62,"column":4},"end":{"line":62,"column":null}},"38":{"start":{"line":44,"column":13},"end":{"line":44,"column":22}}},"fnMap":{"0":{"name":"(anonymous_9)","decl":{"start":{"line":5,"column":22},"end":{"line":5,"column":27}},"loc":{"start":{"line":5,"column":79},"end":{"line":12,"column":1}}},"1":{"name":"(anonymous_10)","decl":{"start":{"line":14,"column":29},"end":{"line":14,"column":34}},"loc":{"start":{"line":14,"column":87},"end":{"line":32,"column":1}}},"2":{"name":"(anonymous_11)","decl":{"start":{"line":34,"column":22},"end":{"line":34,"column":27}},"loc":{"start":{"line":34,"column":77},"end":{"line":42,"column":1}}},"3":{"name":"(anonymous_12)","decl":{"start":{"line":44,"column":22},"end":{"line":44,"column":27}},"loc":{"start":{"line":44,"column":79},"end":{"line":65,"column":1}}}},"branchMap":{"0":{"loc":{"start":{"line":19,"column":4},"end":{"line":21,"column":5}},"type":"if","locations":[{"start":{"line":19,"column":4},"end":{"line":21,"column":5}},{"start":{},"end":{}}]},"1":{"loc":{"start":{"line":26,"column":4},"end":{"line":27,"column":72}},"type":"if","locations":[{"start":{"line":26,"column":4},"end":{"line":27,"column":72}},{"start":{},"end":{}}]},"2":{"loc":{"start":{"line":50,"column":4},"end":{"line":52,"column":5}},"type":"if","locations":[{"start":{"line":50,"column":4},"end":{"line":52,"column":5}},{"start":{},"end":{}}]},"3":{"loc":{"start":{"line":58,"column":4},"end":{"line":59,"column":null}},"type":"if","locations":[{"start":{"line":58,"column":4},"end":{"line":59,"column":null}},{"start":{},"end":{}}]}},"s":{"0":1,"1":1,"2":0,"3":0,"4":0,"5":0,"6":1,"7":1,"8":0,"9":0,"10":0,"11":0,"12":0,"13":0,"14":0,"15":0,"16":0,"17":0,"18":1,"19":1,"20":0,"21":0,"22":0,"23":0,"24":0,"25":1,"26":1,"27":0,"28":0,"29":0,"30":0,"31":0,"32":0,"33":0,"34":0,"35":0,"36":0,"37":0,"38":1},"f":{"0":0,"1":0,"2":0,"3":0},"b":{"0":[0,0],"1":[0,0],"2":[0,0],"3":[0,0]}}
,"C:\\Users\\DoSoD\\Desktop\\cf-9-backend\\src\\dao\\user.dao.ts": {"path":"C:\\Users\\DoSoD\\Desktop\\cf-9-backend\\src\\dao\\user.dao.ts","statementMap":{"0":{"start":{"line":1,"column":0},"end":{"line":1,"column":49}},"1":{"start":{"line":3,"column":23},"end":{"line":5,"column":1}},"2":{"start":{"line":4,"column":2},"end":{"line":4,"column":59}},"3":{"start":{"line":3,"column":13},"end":{"line":3,"column":23}},"4":{"start":{"line":7,"column":27},"end":{"line":9,"column":1}},"5":{"start":{"line":8,"column":2},"end":{"line":8,"column":76}},"6":{"start":{"line":7,"column":13},"end":{"line":7,"column":27}},"7":{"start":{"line":11,"column":26},"end":{"line":14,"column":1}},"8":{"start":{"line":12,"column":15},"end":{"line":12,"column":29}},"9":{"start":{"line":13,"column":2},"end":{"line":13,"column":27}},"10":{"start":{"line":11,"column":13},"end":{"line":11,"column":26}},"11":{"start":{"line":16,"column":26},"end":{"line":18,"column":1}},"12":{"start":{"line":17,"column":2},"end":{"line":17,"column":null}},"13":{"start":{"line":16,"column":13},"end":{"line":16,"column":26}}},"fnMap":{"0":{"name":"(anonymous_1)","decl":{"start":{"line":3,"column":23},"end":{"line":3,"column":28}},"loc":{"start":{"line":3,"column":50},"end":{"line":5,"column":1}}},"1":{"name":"(anonymous_2)","decl":{"start":{"line":7,"column":27},"end":{"line":7,"column":32}},"loc":{"start":{"line":7,"column":73},"end":{"line":9,"column":1}}},"2":{"name":"(anonymous_3)","decl":{"start":{"line":11,"column":26},"end":{"line":11,"column":31}},"loc":{"start":{"line":11,"column":72},"end":{"line":14,"column":1}}},"3":{"name":"(anonymous_4)","decl":{"start":{"line":16,"column":26},"end":{"line":16,"column":31}},"loc":{"start":{"line":16,"column":99},"end":{"line":18,"column":1}}}},"branchMap":{},"s":{"0":1,"1":1,"2":0,"3":1,"4":1,"5":0,"6":1,"7":1,"8":0,"9":0,"10":1,"11":1,"12":0,"13":1},"f":{"0":0,"1":0,"2":0,"3":0},"b":{}}
,"C:\\Users\\DoSoD\\Desktop\\cf-9-backend\\src\\middlewares\\auth.middleware.ts": {"path":"C:\\Users\\DoSoD\\Desktop\\cf-9-backend\\src\\middlewares\\auth.middleware.ts","statementMap":{"0":{"start":{"line":2,"column":0},"end":{"line":2,"column":45}},"1":{"start":{"line":10,"column":19},"end":{"line":10,"column":55}},"2":{"start":{"line":12,"column":28},"end":{"line":38,"column":1}},"3":{"start":{"line":13,"column":19},"end":{"line":13,"column":44}},"4":{"start":{"line":15,"column":4},"end":{"line":18,"column":5}},"5":{"start":{"line":16,"column":8},"end":{"line":16,"column":83}},"6":{"start":{"line":17,"column":8},"end":{"line":17,"column":15}},"7":{"start":{"line":21,"column":18},"end":{"line":21,"column":38}},"8":{"start":{"line":24,"column":4},"end":{"line":26,"column":5}},"9":{"start":{"line":25,"column":8},"end":{"line":25,"column":null}},"10":{"start":{"line":28,"column":4},"end":{"line":36,"column":5}},"11":{"start":{"line":29,"column":24},"end":{"line":29,"column":53}},"12":{"start":{"line":31,"column":8},"end":{"line":31,"column":27}},"13":{"start":{"line":32,"column":8},"end":{"line":32,"column":46}},"14":{"start":{"line":33,"column":8},"end":{"line":33,"column":null}},"15":{"start":{"line":35,"column":8},"end":{"line":35,"column":68}},"16":{"start":{"line":12,"column":13},"end":{"line":12,"column":28}}},"fnMap":{"0":{"name":"(anonymous_1)","decl":{"start":{"line":12,"column":28},"end":{"line":12,"column":29}},"loc":{"start":{"line":12,"column":78},"end":{"line":38,"column":1}}}},"branchMap":{"0":{"loc":{"start":{"line":10,"column":19},"end":{"line":10,"column":55}},"type":"binary-expr","locations":[{"start":{"line":10,"column":19},"end":{"line":10,"column":41}},{"start":{"line":10,"column":45},"end":{"line":10,"column":55}}]},"1":{"loc":{"start":{"line":15,"column":4},"end":{"line":18,"column":5}},"type":"if","locations":[{"start":{"line":15,"column":4},"end":{"line":18,"column":5}},{"start":{},"end":{}}]},"2":{"loc":{"start":{"line":15,"column":8},"end":{"line":15,"column":48}},"type":"binary-expr","locations":[{"start":{"line":15,"column":8},"end":{"line":15,"column":15}},{"start":{"line":15,"column":19},"end":{"line":15,"column":48}}]},"3":{"loc":{"start":{"line":24,"column":4},"end":{"line":26,"column":5}},"type":"if","locations":[{"start":{"line":24,"column":4},"end":{"line":26,"column":5}},{"start":{},"end":{}}]}},"s":{"0":1,"1":1,"2":1,"3":1,"4":1,"5":0,"6":0,"7":1,"8":1,"9":0,"10":1,"11":1,"12":0,"13":0,"14":0,"15":1,"16":1},"f":{"0":1},"b":{"0":[1,1],"1":[0,1],"2":[1,1],"3":[0,1]}}
,"C:\\Users\\DoSoD\\Desktop\\cf-9-backend\\src\\middlewares\\user.middleware.ts": {"path":"C:\\Users\\DoSoD\\Desktop\\cf-9-backend\\src\\middlewares\\user.middleware.ts","statementMap":{"0":{"start":{"line":4,"column":29},"end":{"line":15,"column":1}},"1":{"start":{"line":5,"column":2},"end":{"line":14,"column":3}},"2":{"start":{"line":6,"column":4},"end":{"line":6,"column":42}},"3":{"start":{"line":7,"column":28},"end":{"line":7,"column":91}},"4":{"start":{"line":7,"column":61},"end":{"line":7,"column":90}},"5":{"start":{"line":8,"column":4},"end":{"line":10,"column":5}},"6":{"start":{"line":9,"column":8},"end":{"line":9,"column":76}},"7":{"start":{"line":11,"column":4},"end":{"line":11,"column":11}},"8":{"start":{"line":13,"column":4},"end":{"line":13,"column":null}},"9":{"start":{"line":4,"column":13},"end":{"line":4,"column":29}}},"fnMap":{"0":{"name":"(anonymous_0)","decl":{"start":{"line":4,"column":29},"end":{"line":4,"column":34}},"loc":{"start":{"line":4,"column":84},"end":{"line":15,"column":1}}},"1":{"name":"(anonymous_1)","decl":{"start":{"line":7,"column":48},"end":{"line":7,"column":49}},"loc":{"start":{"line":7,"column":61},"end":{"line":7,"column":90}}}},"branchMap":{"0":{"loc":{"start":{"line":7,"column":61},"end":{"line":7,"column":90}},"type":"binary-expr","locations":[{"start":{"line":7,"column":61},"end":{"line":7,"column":78}},{"start":{"line":7,"column":82},"end":{"line":7,"column":90}}]},"1":{"loc":{"start":{"line":8,"column":4},"end":{"line":10,"column":5}},"type":"if","locations":[{"start":{"line":8,"column":4},"end":{"line":10,"column":5}},{"start":{},"end":{}}]}},"s":{"0":1,"1":0,"2":0,"3":0,"4":0,"5":0,"6":0,"7":0,"8":0,"9":1},"f":{"0":0,"1":0},"b":{"0":[0,0],"1":[0,0]}}
,"C:\\Users\\DoSoD\\Desktop\\cf-9-backend\\src\\middlewares\\validate.middleware.ts": {"path":"C:\\Users\\DoSoD\\Desktop\\cf-9-backend\\src\\middlewares\\validate.middleware.ts","statementMap":{"0":{"start":{"line":5,"column":24},"end":{"line":18,"column":1}},"1":{"start":{"line":6,"column":0},"end":{"line":18,"column":1}},"2":{"start":{"line":7,"column":4},"end":{"line":17,"column":5}},"3":{"start":{"line":8,"column":27},"end":{"line":12,"column":10}},"4":{"start":{"line":13,"column":8},"end":{"line":13,"column":38}},"5":{"start":{"line":14,"column":8},"end":{"line":14,"column":15}},"6":{"start":{"line":16,"column":8},"end":{"line":16,"column":null}},"7":{"start":{"line":5,"column":13},"end":{"line":5,"column":24}}},"fnMap":{"0":{"name":"(anonymous_0)","decl":{"start":{"line":5,"column":24},"end":{"line":5,"column":25}},"loc":{"start":{"line":6,"column":0},"end":{"line":18,"column":1}}},"1":{"name":"(anonymous_1)","decl":{"start":{"line":6,"column":0},"end":{"line":6,"column":1}},"loc":{"start":{"line":6,"column":52},"end":{"line":18,"column":1}}}},"branchMap":{"0":{"loc":{"start":{"line":16,"column":46},"end":{"line":16,"column":95}},"type":"binary-expr","locations":[{"start":{"line":16,"column":46},"end":{"line":16,"column":57}},{"start":{"line":16,"column":61},"end":{"line":16,"column":73}},{"start":{"line":16,"column":77},"end":{"line":16,"column":95}}]}},"s":{"0":1,"1":1,"2":0,"3":0,"4":0,"5":0,"6":0,"7":1},"f":{"0":1,"1":0},"b":{"0":[0,0,0]}}
,"C:\\Users\\DoSoD\\Desktop\\cf-9-backend\\src\\models\\role.model.ts": {"path":"C:\\Users\\DoSoD\\Desktop\\cf-9-backend\\src\\models\\role.model.ts","statementMap":{"0":{"start":{"line":1,"column":0},"end":{"line":1,"column":58}},"1":{"start":{"line":10,"column":19},"end":{"line":17,"column":2}},"2":{"start":{"line":19,"column":0},"end":{"line":19,"column":48}}},"fnMap":{},"branchMap":{},"s":{"0":1,"1":1,"2":1},"f":{},"b":{}}
,"C:\\Users\\DoSoD\\Desktop\\cf-9-backend\\src\\models\\user.model.ts": {"path":"C:\\Users\\DoSoD\\Desktop\\cf-9-backend\\src\\models\\user.model.ts","statementMap":{"0":{"start":{"line":1,"column":0},"end":{"line":1,"column":58}},"1":{"start":{"line":22,"column":20},"end":{"line":25,"column":2}},"2":{"start":{"line":27,"column":19},"end":{"line":50,"column":2}},"3":{"start":{"line":52,"column":0},"end":{"line":52,"column":null}}},"fnMap":{},"branchMap":{},"s":{"0":1,"1":1,"2":1,"3":1},"f":{},"b":{}}
,"C:\\Users\\DoSoD\\Desktop\\cf-9-backend\\src\\routes\\users.routes.ts": {"path":"C:\\Users\\DoSoD\\Desktop\\cf-9-backend\\src\\routes\\users.routes.ts","statementMap":{"0":{"start":{"line":1,"column":0},"end":{"line":1,"column":31}},"1":{"start":{"line":2,"column":0},"end":{"line":2,"column":58}},"2":{"start":{"line":3,"column":0},"end":{"line":3,"column":62}},"3":{"start":{"line":4,"column":0},"end":{"line":4,"column":63}},"4":{"start":{"line":5,"column":0},"end":{"line":5,"column":62}},"5":{"start":{"line":6,"column":0},"end":{"line":6,"column":82}},"6":{"start":{"line":8,"column":15},"end":{"line":8,"column":23}},"7":{"start":{"line":20,"column":0},"end":{"line":20,"column":33}},"8":{"start":{"line":41,"column":0},"end":{"line":41,"column":52}},"9":{"start":{"line":73,"column":0},"end":{"line":73,"column":91}},"10":{"start":{"line":74,"column":0},"end":{"line":74,"column":42}},"11":{"start":{"line":76,"column":0},"end":{"line":76,"column":22}}},"fnMap":{},"branchMap":{},"s":{"0":1,"1":1,"2":1,"3":1,"4":1,"5":1,"6":1,"7":1,"8":1,"9":1,"10":1,"11":1},"f":{},"b":{}}
,"C:\\Users\\DoSoD\\Desktop\\cf-9-backend\\src\\services\\user.service.ts": {"path":"C:\\Users\\DoSoD\\Desktop\\cf-9-backend\\src\\services\\user.service.ts","statementMap":{"0":{"start":{"line":2,"column":0},"end":{"line":2,"column":49}},"1":{"start":{"line":4,"column":0},"end":{"line":4,"column":31}},"2":{"start":{"line":5,"column":0},"end":{"line":5,"column":28}},"3":{"start":{"line":7,"column":0},"end":{"line":7,"column":43}},"4":{"start":{"line":10,"column":13},"end":{"line":10,"column":69}},"5":{"start":{"line":13,"column":25},"end":{"line":16,"column":1}},"6":{"start":{"line":14,"column":18},"end":{"line":14,"column":41}},"7":{"start":{"line":15,"column":4},"end":{"line":15,"column":17}},"8":{"start":{"line":13,"column":13},"end":{"line":13,"column":25}},"9":{"start":{"line":18,"column":31},"end":{"line":23,"column":1}},"10":{"start":{"line":19,"column":17},"end":{"line":19,"column":49}},"11":{"start":{"line":20,"column":4},"end":{"line":22,"column":5}},"12":{"start":{"line":21,"column":8},"end":{"line":21,"column":null}},"13":{"start":{"line":18,"column":13},"end":{"line":18,"column":31}},"14":{"start":{"line":25,"column":26},"end":{"line":59,"column":1}},"15":{"start":{"line":26,"column":4},"end":{"line":29,"column":5}},"16":{"start":{"line":27,"column":21},"end":{"line":27,"column":69}},"17":{"start":{"line":28,"column":8},"end":{"line":28,"column":32}},"18":{"start":{"line":31,"column":36},"end":{"line":31,"column":38}},"19":{"start":{"line":32,"column":4},"end":{"line":40,"column":5}},"20":{"start":{"line":33,"column":8},"end":{"line":33,"column":66}},"21":{"start":{"line":33,"column":42},"end":{"line":33,"column":64}},"22":{"start":{"line":35,"column":35},"end":{"line":35,"column":71}},"23":{"start":{"line":36,"column":8},"end":{"line":38,"column":9}},"24":{"start":{"line":37,"column":12},"end":{"line":37,"column":100}},"25":{"start":{"line":39,"column":8},"end":{"line":39,"column":31}},"26":{"start":{"line":53,"column":17},"end":{"line":56,"column":6}},"27":{"start":{"line":58,"column":4},"end":{"line":58,"column":16}},"28":{"start":{"line":25,"column":13},"end":{"line":25,"column":26}},"29":{"start":{"line":61,"column":26},"end":{"line":78,"column":1}},"30":{"start":{"line":62,"column":39},"end":{"line":62,"column":41}},"31":{"start":{"line":63,"column":4},"end":{"line":63,"column":78}},"32":{"start":{"line":63,"column":38},"end":{"line":63,"column":78}},"33":{"start":{"line":64,"column":4},"end":{"line":64,"column":76}},"34":{"start":{"line":64,"column":37},"end":{"line":64,"column":76}},"35":{"start":{"line":65,"column":4},"end":{"line":65,"column":67}},"36":{"start":{"line":65,"column":34},"end":{"line":65,"column":67}},"37":{"start":{"line":66,"column":4},"end":{"line":66,"column":73}},"38":{"start":{"line":66,"column":36},"end":{"line":66,"column":73}},"39":{"start":{"line":67,"column":4},"end":{"line":67,"column":67}},"40":{"start":{"line":67,"column":34},"end":{"line":67,"column":67}},"41":{"start":{"line":69,"column":4},"end":{"line":71,"column":5}},"42":{"start":{"line":70,"column":8},"end":{"line":70,"column":79}},"43":{"start":{"line":72,"column":4},"end":{"line":74,"column":5}},"44":{"start":{"line":73,"column":8},"end":{"line":73,"column":75}},"45":{"start":{"line":73,"column":51},"end":{"line":73,"column":73}},"46":{"start":{"line":76,"column":17},"end":{"line":76,"column":63}},"47":{"start":{"line":77,"column":4},"end":{"line":77,"column":16}},"48":{"start":{"line":61,"column":13},"end":{"line":61,"column":26}}},"fnMap":{"0":{"name":"(anonymous_10)","decl":{"start":{"line":13,"column":25},"end":{"line":13,"column":30}},"loc":{"start":{"line":13,"column":35},"end":{"line":16,"column":1}}},"1":{"name":"(anonymous_11)","decl":{"start":{"line":18,"column":31},"end":{"line":18,"column":36}},"loc":{"start":{"line":18,"column":53},"end":{"line":23,"column":1}}},"2":{"name":"(anonymous_12)","decl":{"start":{"line":25,"column":26},"end":{"line":25,"column":31}},"loc":{"start":{"line":25,"column":57},"end":{"line":59,"column":1}}},"3":{"name":"(anonymous_13)","decl":{"start":{"line":33,"column":36},"end":{"line":33,"column":38}},"loc":{"start":{"line":33,"column":42},"end":{"line":33,"column":64}}},"4":{"name":"(anonymous_14)","decl":{"start":{"line":61,"column":26},"end":{"line":61,"column":31}},"loc":{"start":{"line":61,"column":75},"end":{"line":78,"column":1}}},"5":{"name":"(anonymous_15)","decl":{"start":{"line":73,"column":45},"end":{"line":73,"column":47}},"loc":{"start":{"line":73,"column":51},"end":{"line":73,"column":73}}}},"branchMap":{"0":{"loc":{"start":{"line":10,"column":36},"end":{"line":10,"column":67}},"type":"binary-expr","locations":[{"start":{"line":10,"column":36},"end":{"line":10,"column":59}},{"start":{"line":10,"column":63},"end":{"line":10,"column":67}}]},"1":{"loc":{"start":{"line":20,"column":4},"end":{"line":22,"column":5}},"type":"if","locations":[{"start":{"line":20,"column":4},"end":{"line":22,"column":5}},{"start":{},"end":{}}]},"2":{"loc":{"start":{"line":26,"column":4},"end":{"line":29,"column":5}},"type":"if","locations":[{"start":{"line":26,"column":4},"end":{"line":29,"column":5}},{"start":{},"end":{}}]},"3":{"loc":{"start":{"line":32,"column":4},"end":{"line":40,"column":5}},"type":"if","locations":[{"start":{"line":32,"column":4},"end":{"line":40,"column":5}},{"start":{"line":34,"column":9},"end":{"line":40,"column":5}}]},"4":{"loc":{"start":{"line":32,"column":8},"end":{"line":32,"column":49}},"type":"binary-expr","locations":[{"start":{"line":32,"column":8},"end":{"line":32,"column":21}},{"start":{"line":32,"column":25},"end":{"line":32,"column":49}}]},"5":{"loc":{"start":{"line":36,"column":8},"end":{"line":38,"column":9}},"type":"if","locations":[{"start":{"line":36,"column":8},"end":{"line":38,"column":9}},{"start":{},"end":{}}]},"6":{"loc":{"start":{"line":63,"column":4},"end":{"line":63,"column":78}},"type":"if","locations":[{"start":{"line":63,"column":4},"end":{"line":63,"column":78}},{"start":{},"end":{}}]},"7":{"loc":{"start":{"line":64,"column":4},"end":{"line":64,"column":76}},"type":"if","locations":[{"start":{"line":64,"column":4},"end":{"line":64,"column":76}},{"start":{},"end":{}}]},"8":{"loc":{"start":{"line":65,"column":4},"end":{"line":65,"column":67}},"type":"if","locations":[{"start":{"line":65,"column":4},"end":{"line":65,"column":67}},{"start":{},"end":{}}]},"9":{"loc":{"start":{"line":66,"column":4},"end":{"line":66,"column":73}},"type":"if","locations":[{"start":{"line":66,"column":4},"end":{"line":66,"column":73}},{"start":{},"end":{}}]},"10":{"loc":{"start":{"line":67,"column":4},"end":{"line":67,"column":67}},"type":"if","locations":[{"start":{"line":67,"column":4},"end":{"line":67,"column":67}},{"start":{},"end":{}}]},"11":{"loc":{"start":{"line":69,"column":4},"end":{"line":71,"column":5}},"type":"if","locations":[{"start":{"line":69,"column":4},"end":{"line":71,"column":5}},{"start":{},"end":{}}]},"12":{"loc":{"start":{"line":72,"column":4},"end":{"line":74,"column":5}},"type":"if","locations":[{"start":{"line":72,"column":4},"end":{"line":74,"column":5}},{"start":{},"end":{}}]}},"s":{"0":1,"1":1,"2":1,"3":1,"4":1,"5":1,"6":0,"7":0,"8":1,"9":1,"10":0,"11":0,"12":0,"13":1,"14":1,"15":0,"16":0,"17":0,"18":0,"19":0,"20":0,"21":0,"22":0,"23":0,"24":0,"25":0,"26":0,"27":0,"28":1,"29":1,"30":0,"31":0,"32":0,"33":0,"34":0,"35":0,"36":0,"37":0,"38":0,"39":0,"40":0,"41":0,"42":0,"43":0,"44":0,"45":0,"46":0,"47":0,"48":1},"f":{"0":0,"1":0,"2":0,"3":0,"4":0,"5":0},"b":{"0":[1,1],"1":[0,0],"2":[0,0],"3":[0,0],"4":[0,0],"5":[0,0],"6":[0,0],"7":[0,0],"8":[0,0],"9":[0,0],"10":[0,0],"11":[0,0],"12":[0,0]}}
,"C:\\Users\\DoSoD\\Desktop\\cf-9-backend\\src\\validators\\user.validator.ts": {"path":"C:\\Users\\DoSoD\\Desktop\\cf-9-backend\\src\\validators\\user.validator.ts","statementMap":{"0":{"start":{"line":1,"column":0},"end":{"line":1,"column":22}},"1":{"start":{"line":3,"column":13},"end":{"line":9,"column":null}},"2":{"start":{"line":11,"column":13},"end":{"line":14,"column":null}},"3":{"start":{"line":16,"column":13},"end":{"line":25,"column":null}},"4":{"start":{"line":27,"column":13},"end":{"line":27,"column":59}}},"fnMap":{},"branchMap":{},"s":{"0":1,"1":1,"2":1,"3":1,"4":1},"f":{},"b":{}}
}
